#
# There is insufficient memory for the Java Runtime Environment to continue.
# Native memory allocation (mmap) failed to map 251658240 bytes for G1 virtual space
# Possible reasons:
#   The system is out of physical RAM or swap space
#   The process is running with CompressedOops enabled, and the Java Heap may be blocking the growth of the native heap
# Possible solutions:
#   Reduce memory load on the system
#   Increase physical memory or swap space
#   Check if swap backing store is full
#   Decrease Java heap size (-Xmx/-Xms)
#   Decrease number of Java threads
#   Decrease Java thread stack sizes (-Xss)
#   Set larger code cache with -XX:ReservedCodeCacheSize=
#   JVM is running with Zero Based Compressed Oops mode in which the Java heap is
#     placed in the first 32GB address space. The Java Heap base address is the
#     maximum limit for the native heap growth. Please use -XX:HeapBaseMinAddress
#     to set the Java Heap base and to place the Java Heap above 32GB virtual address.
# This output file may be truncated or incomplete.
#
#  Out of Memory Error (os_windows.cpp:3532), pid=31888, tid=5340
#
# JRE version:  (17.0.2+8) (build )
# Java VM: Java HotSpot(TM) 64-Bit Server VM (17.0.2+8-LTS-86, mixed mode, sharing, tiered, compressed oops, compressed class ptrs, g1 gc, windows-amd64)
# No core dump will be written. Minidumps are not enabled by default on client versions of Windows
#

---------------  S U M M A R Y ------------

Command Line: -Dfile.encoding=UTF-8 --module-path=C:\Users\ASUS\OneDrive\Máy tính\QLKTX\build\classes qlktx.main

Host: AMD Ryzen 5 2500U with Radeon Vega Mobile Gfx  , 8 cores, 14G,  Windows 10 , 64 bit Build 19041 (10.0.19041.1706)
Time: Tue May 17 10:00:09 2022 SE Asia Standard Time elapsed time: 0.013815 seconds (0d 0h 0m 0s)

---------------  T H R E A D  ---------------

Current thread (0x0000023013eed5e0):  JavaThread "Unknown thread" [_thread_in_vm, id=5340, stack(0x000000a166e00000,0x000000a166f00000)]

Stack: [0x000000a166e00000,0x000000a166f00000]
Native frames: (J=compiled Java code, j=interpreted, Vv=VM code, C=native code)
V  [jvm.dll+0x670baa]
V  [jvm.dll+0x7cfcb4]
V  [jvm.dll+0x7d145e]
V  [jvm.dll+0x7d1ac3]
V  [jvm.dll+0x242bc5]
V  [jvm.dll+0x66dac9]
V  [jvm.dll+0x662412]
V  [jvm.dll+0x300c0b]
V  [jvm.dll+0x3081a6]
V  [jvm.dll+0x357d0e]
V  [jvm.dll+0x357f3f]
V  [jvm.dll+0x2d7ec8]
V  [jvm.dll+0x2d8e34]
V  [jvm.dll+0x7a18c1]
V  [jvm.dll+0x365a91]
V  [jvm.dll+0x780d2c]
V  [jvm.dll+0x3e845f]
V  [jvm.dll+0x3e9f01]
C  [jli.dll+0x527b]
C  [ucrtbase.dll+0x21bb2]
C  [KERNEL32.DLL+0x17034]
C  [ntdll.dll+0x52651]


---------------  P R O C E S S  ---------------

Threads class SMR info:
_java_thread_list=0x00007ff91cd49858, length=0, elements={
}

Java Threads: ( => current thread )

Other Threads:
  0x000002301603db40 GCTaskThread "GC Thread#0" [stack: 0x000000a166f00000,0x000000a167000000] [id=16216]
  0x000002301604e8e0 ConcurrentGCThread "G1 Main Marker" [stack: 0x000000a167000000,0x000000a167100000] [id=21952]
  0x0000023016051110 ConcurrentGCThread "G1 Conc#0" [stack: 0x000000a167100000,0x000000a167200000] [id=32672]

[error occurred during error reporting (printing all threads), id 0xc0000005, EXCEPTION_ACCESS_VIOLATION (0xc0000005) at pc=0x00007ff91c5988a7]

VM state: not at safepoint (not fully initialized)

VM Mutex/Monitor currently owned by a thread:  ([mutex/lock_event])
[0x0000023015fec7a0] Heap_lock - owner thread: 0x0000023013eed5e0

Heap address: 0x0000000710c00000, size: 3828 MB, Compressed Oops mode: Zero based, Oop shift amount: 3

CDS archive(s) mapped at: [0x0000000000000000-0x0000000000000000-0x0000000000000000), size 0, SharedBaseAddress: 0x0000000800000000, ArchiveRelocationMode: 0.
Narrow klass base: 0x0000000000000000, Narrow klass shift: 0, Narrow klass range: 0x0

GC Precious Log:
<Empty>

Heap:
 garbage-first heap   total 0K, used 0K [0x0000000710c00000, 0x0000000800000000)
  region size 2048K, 0 young (0K), 0 survivors (0K)

[error occurred during error reporting (printing heap information), id 0xc0000005, EXCEPTION_ACCESS_VIOLATION (0xc0000005) at pc=0x00007ff91c979f19]

GC Heap History (0 events):
No events

Deoptimization events (0 events):
No events

Classes unloaded (0 events):
No events

Classes redefined (0 events):
No events

Internal exceptions (0 events):
No events

VM Operations (0 events):
No events

Events (1 events):
Event: 0.008 Loaded shared library C:\Program Files\Java\jdk-17.0.2\bin\java.dll


Dynamic libraries:
0x00007ff61fec0000 - 0x00007ff61fed0000 	C:\Program Files\Java\jdk-17.0.2\bin\java.exe
0x00007ff9a37b0000 - 0x00007ff9a39a5000 	C:\WINDOWS\SYSTEM32\ntdll.dll
0x00007ff9a3020000 - 0x00007ff9a30dd000 	C:\WINDOWS\System32\KERNEL32.DLL
0x00007ff9a1530000 - 0x00007ff9a17fd000 	C:\WINDOWS\System32\KERNELBASE.dll
0x00007ff9a1270000 - 0x00007ff9a1370000 	C:\WINDOWS\System32\ucrtbase.dll
0x00007ff952110000 - 0x00007ff95212a000 	C:\Program Files\Java\jdk-17.0.2\bin\VCRUNTIME140.dll
0x00007ff99b640000 - 0x00007ff99b658000 	C:\Program Files\Java\jdk-17.0.2\bin\jli.dll
0x00007ff9a1860000 - 0x00007ff9a190e000 	C:\WINDOWS\System32\ADVAPI32.dll
0x00007ff9a1b60000 - 0x00007ff9a1bfe000 	C:\WINDOWS\System32\msvcrt.dll
0x00007ff9a2ea0000 - 0x00007ff9a2f3c000 	C:\WINDOWS\System32\sechost.dll
0x00007ff9a1c60000 - 0x00007ff9a1d85000 	C:\WINDOWS\System32\RPCRT4.dll
0x00007ff9a1910000 - 0x00007ff9a1ab0000 	C:\WINDOWS\System32\USER32.dll
0x00007ff9a1410000 - 0x00007ff9a1432000 	C:\WINDOWS\System32\win32u.dll
0x00007ff98da60000 - 0x00007ff98dcfa000 	C:\WINDOWS\WinSxS\amd64_microsoft.windows.common-controls_6595b64144ccf1df_6.0.19041.1110_none_60b5254171f9507e\COMCTL32.dll
0x00007ff9a2a40000 - 0x00007ff9a2a6a000 	C:\WINDOWS\System32\GDI32.dll
0x00007ff9a10d0000 - 0x00007ff9a11db000 	C:\WINDOWS\System32\gdi32full.dll
0x00007ff9a1370000 - 0x00007ff9a140d000 	C:\WINDOWS\System32\msvcp_win.dll
0x00007ff999420000 - 0x00007ff99942a000 	C:\WINDOWS\SYSTEM32\VERSION.dll
0x00007ff9a1830000 - 0x00007ff9a1860000 	C:\WINDOWS\System32\IMM32.DLL
0x00007ff9964a0000 - 0x00007ff9964ac000 	C:\Program Files\Java\jdk-17.0.2\bin\vcruntime140_1.dll
0x00007ff9234f0000 - 0x00007ff92357d000 	C:\Program Files\Java\jdk-17.0.2\bin\msvcp140.dll
0x00007ff91c2b0000 - 0x00007ff91ce71000 	C:\Program Files\Java\jdk-17.0.2\bin\server\jvm.dll
0x00007ff9a1820000 - 0x00007ff9a1828000 	C:\WINDOWS\System32\PSAPI.DLL
0x00007ff969ae0000 - 0x00007ff969ae9000 	C:\WINDOWS\SYSTEM32\WSOCK32.dll
0x00007ff996e30000 - 0x00007ff996e57000 	C:\WINDOWS\SYSTEM32\WINMM.dll
0x00007ff9a21f0000 - 0x00007ff9a225b000 	C:\WINDOWS\System32\WS2_32.dll
0x00007ff99f750000 - 0x00007ff99f762000 	C:\WINDOWS\SYSTEM32\kernel.appcore.dll
0x00007ff98aa50000 - 0x00007ff98aa5a000 	C:\Program Files\Java\jdk-17.0.2\bin\jimage.dll
0x00007ff99ebf0000 - 0x00007ff99edd4000 	C:\WINDOWS\SYSTEM32\DBGHELP.DLL
0x00007ff9841f0000 - 0x00007ff98421c000 	C:\WINDOWS\SYSTEM32\dbgcore.DLL
0x00007ff9a11e0000 - 0x00007ff9a1262000 	C:\WINDOWS\System32\bcryptPrimitives.dll
0x00007ff94fc20000 - 0x00007ff94fc45000 	C:\Program Files\Java\jdk-17.0.2\bin\java.dll

dbghelp: loaded successfully - version: 4.0.5 - missing functions: none
symbol engine: initialized successfully - sym options: 0x614 - pdb path: .;C:\Program Files\Java\jdk-17.0.2\bin;C:\WINDOWS\SYSTEM32;C:\WINDOWS\WinSxS\amd64_microsoft.windows.common-controls_6595b64144ccf1df_6.0.19041.1110_none_60b5254171f9507e;C:\Program Files\Java\jdk-17.0.2\bin\server

VM Arguments:
jvm_args: -Dfile.encoding=UTF-8 --module-path=C:\Users\ASUS\OneDrive\Máy tính\QLKTX\build\classes 
java_command: qlktx.main
java_class_path (initial): C:\Users\ASUS\OneDrive\Máy tính\QLKTX\build\classes
Launcher Type: SUN_STANDARD

[Global flags]
     intx CICompilerCount                          = 4                                         {product} {ergonomic}
     uint ConcGCThreads                            = 2                                         {product} {ergonomic}
     uint G1ConcRefinementThreads                  = 8                                         {product} {ergonomic}
   size_t G1HeapRegionSize                         = 2097152                                   {product} {ergonomic}
    uintx GCDrainStackTargetSize                   = 64                                        {product} {ergonomic}
   size_t InitialHeapSize                          = 251658240                                 {product} {ergonomic}
   size_t MarkStackSize                            = 4194304                                   {product} {ergonomic}
   size_t MaxHeapSize                              = 4013948928                                {product} {ergonomic}
   size_t MinHeapDeltaBytes                        = 2097152                                   {product} {ergonomic}
   size_t MinHeapSize                              = 8388608                                   {product} {ergonomic}
    uintx NonNMethodCodeHeapSize                   = 5839372                                {pd product} {ergonomic}
    uintx NonProfiledCodeHeapSize                  = 122909434                              {pd product} {ergonomic}
    uintx ProfiledCodeHeapSize                     = 122909434                              {pd product} {ergonomic}
    uintx ReservedCodeCacheSize                    = 251658240                              {pd product} {ergonomic}
     bool SegmentedCodeCache                       = true                                      {product} {ergonomic}
   size_t SoftMaxHeapSize                          = 4013948928                             {manageable} {ergonomic}
     bool UseCompressedClassPointers               = true                           {product lp64_product} {ergonomic}
     bool UseCompressedOops                        = true                           {product lp64_product} {ergonomic}
     bool UseG1GC                                  = true                                      {product} {ergonomic}
     bool UseLargePagesIndividualAllocation        = false                                  {pd product} {ergonomic}

Logging:
Log output configuration:
 #0: stdout all=warning uptime,level,tags
 #1: stderr all=off uptime,level,tags

Environment Variables:
JAVA_HOME=C:\Program Files\Eclipse Adoptium\jdk-17.0.2.8-hotspot
PATH=D:\Downloads\WINDOWS.X64_193000_db_home\bin;C:\Program Files\Eclipse Adoptium\jdk-17.0.2.8-hotspot\bin;D:\WINDOWS.X64_193000_db_home\bin;C:\Program Files\Common Files\Oracle\Java\javapath;D:\VMware\bin\;C:\Program Files\mingw-w64\x86_64-8.1.0-posix-seh-rt_v6-rev0\mingw64\bin;C:\Windows\system32;C:\Windows;C:\Windows\System32\Wbem;C:\Windows\System32\WindowsPowerShell\v1.0\;C:\Windows\System32\OpenSSH\;C:\Program Files (x86)\NVIDIA Corporation\PhysX\Common;C:\Program Files\NVIDIA Corporation\NVIDIA NvDLISR;C:\Program Files\Intel\WiFi\bin\;C:\Program Files\Common Files\Intel\WirelessCommon\;C:\WINDOWS\system32;C:\WINDOWS;C:\WINDOWS\System32\Wbem;C:\WINDOWS\System32\WindowsPowerShell\v1.0\;C:\WINDOWS\System32\OpenSSH\;C:\Program Files\dotnet\;C:\Program Files\Microsoft SQL Server\130\Tools\Binn\;C:\Program Files\Microsoft SQL Server\Client SDK\ODBC\170\Tools\Binn\;C:\Program Files (x86)\QuickTime\QTSystem\;C:\Program Files (x86)\Microsoft SQL Server\150\Tools\Binn\;C:\Program Files\Microsoft SQL Server\150\Tools\Binn\;C:\Program Files\Microsoft SQL Server\150\DTS\Binn\;C:\Program Files (x86)\Microsoft SQL Server\150\DTS\Binn\;C:\Program Files\Azure Data Studio\bin;C:\Program Files\MySQL\MySQL Shell 8.0\bin\;C:\Users\ASUS\AppData\Local\Programs\Python\Python39\Scripts\;C:\Users\ASUS\AppData\Local\Programs\Python\Python39\;C:\Users\ASUS\AppData\Local\Microsoft\WindowsApps;C:\Users\ASUS\.dotnet\tools;D:\Mingw\mingw64\bin;;C:\Program Files\Azure Data Studio\bin;D:\Visual Studio\Microsoft VS Code\bin
USERNAME=ASUS
OS=Windows_NT
PROCESSOR_IDENTIFIER=AMD64 Family 23 Model 17 Stepping 0, AuthenticAMD



---------------  S Y S T E M  ---------------

OS:
 Windows 10 , 64 bit Build 19041 (10.0.19041.1706)
OS uptime: 3 days 20:58 hours

CPU: total 8 (initial active 8) (8 cores per cpu, 2 threads per core) family 23 model 17 stepping 0 microcode 0x0, cx8, cmov, fxsr, ht, mmx, 3dnowpref, sse, sse2, sse3, ssse3, sse4a, sse4.1, sse4.2, popcnt, lzcnt, tsc, tscinvbit, avx, avx2, aes, clmul, bmi1, bmi2, adx, sha, fma, vzeroupper, clflush, clflushopt

Memory: 4k page, system-wide physical 15308M (4206M free)
TotalPageFile size 35276M (AvailPageFile size 138M)
current process WorkingSet (physical memory assigned to process): 10M, peak: 10M
current process commit charge ("private bytes"): 60M, peak: 300M

vm_info: Java HotSpot(TM) 64-Bit Server VM (17.0.2+8-LTS-86) for windows-amd64 JRE (17.0.2+8-LTS-86), built on Dec  7 2021 21:51:03 by "mach5one" with MS VC++ 16.8 / 16.9 (VS2019)

END.
